2025-07-15 16:00:50,206 - __main__ - ERROR - UART Setup Fehler (Versuch 1/3): [Errno 13] could not open port /dev/ttyAMA0: [Errno 13] Permission denied: '/dev/ttyAMA0'
2025-07-15 16:00:52,207 - __main__ - ERROR - UART Setup Fehler (Versuch 2/3): [Errno 13] could not open port /dev/ttyAMA0: [Errno 13] Permission denied: '/dev/ttyAMA0'
2025-07-15 16:00:54,207 - __main__ - ERROR - UART Setup Fehler (Versuch 3/3): [Errno 13] could not open port /dev/ttyAMA0: [Errno 13] Permission denied: '/dev/ttyAMA0'
2025-07-15 16:00:55,896 - __main__ - ERROR - UART Setup Fehler (Versuch 1/3): [Errno 13] could not open port /dev/ttyAMA0: [Errno 13] Permission denied: '/dev/ttyAMA0'
2025-07-15 16:00:57,896 - __main__ - ERROR - UART Setup Fehler (Versuch 2/3): [Errno 13] could not open port /dev/ttyAMA0: [Errno 13] Permission denied: '/dev/ttyAMA0'
2025-07-15 16:00:59,897 - __main__ - ERROR - UART Setup Fehler (Versuch 3/3): [Errno 13] could not open port /dev/ttyAMA0: [Errno 13] Permission denied: '/dev/ttyAMA0'
2025-07-15 16:01:19,771 - __main__ - INFO - UART initialisiert auf /dev/ttyAMA3 mit 115200 baud
2025-07-15 16:01:19,771 - __main__ - INFO - ChirpStack MQTT to UART Bridge gestartet...
2025-07-15 16:01:19,777 - __main__ - INFO - Verbunden mit MQTT-Broker localhost:1883
2025-07-15 16:01:19,778 - __main__ - INFO - Subscribed to application/+/device/+/event/up
2025-07-15 16:01:22,221 - __main__ - INFO - MQTT Nachricht erhalten: application/25fd7890-9fa0-4b65-91c8-2d4159673db0/device/78563412efbeadde/event/up
2025-07-15 16:01:22,230 - __main__ - INFO - 24 Bytes erfolgreich an UART gesendet
2025-07-15 16:01:22,303 - __main__ - INFO - Received signal 2, shutting down gracefully...
2025-07-15 16:01:22,304 - __main__ - INFO - Received signal 2, shutting down gracefully...
2025-07-15 16:01:23,231 - __main__ - INFO - Cleanup wird ausgeführt...
2025-07-15 16:01:23,232 - __main__ - INFO - Statistiken: Empfangen=1, Gesendet=1, Fehler=0
2025-07-15 16:01:23,232 - __main__ - INFO - Bridge gestoppt
2025-07-15 16:01:24,032 - __main__ - INFO - UART initialisiert auf /dev/ttyAMA0 mit 115200 baud
2025-07-15 16:01:24,033 - __main__ - INFO - ChirpStack MQTT to UART Bridge gestartet...
2025-07-15 16:01:24,038 - __main__ - INFO - Verbunden mit MQTT-Broker localhost:1883
2025-07-15 16:01:24,039 - __main__ - INFO - Subscribed to application/+/device/+/event/up
2025-07-15 16:01:24,487 - __main__ - INFO - Received signal 2, shutting down gracefully...
2025-07-15 16:01:24,487 - __main__ - INFO - Received signal 2, shutting down gracefully...
2025-07-15 16:01:25,020 - __main__ - INFO - Received signal 2, shutting down gracefully...
2025-07-15 16:01:25,040 - __main__ - INFO - Cleanup wird ausgeführt...
2025-07-15 16:01:25,041 - __main__ - INFO - Statistiken: Empfangen=0, Gesendet=0, Fehler=0
2025-07-15 16:01:25,041 - __main__ - INFO - Bridge gestoppt
2025-07-15 16:02:11,097 - __main__ - INFO - UART initialisiert auf /dev/ttyAMA0 mit 115200 baud
2025-07-15 16:02:11,098 - __main__ - INFO - ChirpStack MQTT to UART Bridge gestartet...
2025-07-15 16:02:11,103 - __main__ - INFO - Verbunden mit MQTT-Broker localhost:1883
2025-07-15 16:02:11,104 - __main__ - INFO - Subscribed to application/+/device/+/event/up
2025-07-15 16:02:21,888 - __main__ - INFO - MQTT Nachricht erhalten: application/25fd7890-9fa0-4b65-91c8-2d4159673db0/device/78563412efbeadde/event/up
2025-07-15 16:02:21,898 - __main__ - INFO - 24 Bytes erfolgreich an UART gesendet
2025-07-15 16:02:33,405 - __main__ - INFO - MQTT Nachricht erhalten: application/25fd7890-9fa0-4b65-91c8-2d4159673db0/device/78563412efbeadde/event/up
2025-07-15 16:02:33,414 - __main__ - INFO - 24 Bytes erfolgreich an UART gesendet
2025-07-15 16:02:44,964 - __main__ - INFO - MQTT Nachricht erhalten: application/25fd7890-9fa0-4b65-91c8-2d4159673db0/device/78563412efbeadde/event/up
2025-07-15 16:02:44,974 - __main__ - INFO - 24 Bytes erfolgreich an UART gesendet
2025-07-15 16:02:56,427 - __main__ - INFO - MQTT Nachricht erhalten: application/25fd7890-9fa0-4b65-91c8-2d4159673db0/device/78563412efbeadde/event/up
2025-07-15 16:02:56,438 - __main__ - INFO - 24 Bytes erfolgreich an UART gesendet
2025-07-15 16:03:08,142 - __main__ - INFO - MQTT Nachricht erhalten: application/25fd7890-9fa0-4b65-91c8-2d4159673db0/device/78563412efbeadde/event/up
2025-07-15 16:03:08,150 - __main__ - INFO - 24 Bytes erfolgreich an UART gesendet
2025-07-15 16:03:10,664 - __main__ - INFO - Received signal 2, shutting down gracefully...
2025-07-15 16:03:11,154 - __main__ - INFO - Cleanup wird ausgeführt...
2025-07-15 16:03:11,155 - __main__ - INFO - Statistiken: Empfangen=5, Gesendet=5, Fehler=0
2025-07-15 16:03:11,156 - __main__ - INFO - Bridge gestoppt
2025-07-15 16:03:11,597 - __main__ - INFO - UART initialisiert auf /dev/ttyAMA0 mit 115200 baud
2025-07-15 16:03:11,598 - __main__ - INFO - ChirpStack MQTT to UART Bridge gestartet...
2025-07-15 16:03:11,603 - __main__ - INFO - Verbunden mit MQTT-Broker localhost:1883
2025-07-15 16:03:11,603 - __main__ - INFO - Subscribed to application/+/device/+/event/up
2025-07-15 16:03:19,459 - __main__ - INFO - MQTT Nachricht erhalten: application/25fd7890-9fa0-4b65-91c8-2d4159673db0/device/78563412efbeadde/event/up
2025-07-15 16:03:19,470 - __main__ - INFO - 24 Bytes erfolgreich an UART gesendet
2025-07-15 16:03:21,400 - __main__ - INFO - Received signal 15, shutting down gracefully...
2025-07-15 16:03:21,472 - __main__ - INFO - Cleanup wird ausgeführt...
2025-07-15 16:03:21,473 - __main__ - INFO - Statistiken: Empfangen=1, Gesendet=1, Fehler=0
2025-07-15 16:03:21,474 - __main__ - INFO - Bridge gestoppt
2025-07-15 16:10:23,145 - __main__ - INFO - UART initialisiert auf /dev/ttyAMA0 mit 115200 baud
2025-07-15 16:10:23,145 - __main__ - INFO - ChirpStack MQTT to UART Bridge gestartet...
2025-07-15 16:10:23,151 - __main__ - INFO - Verbunden mit MQTT-Broker localhost:1883
2025-07-15 16:10:23,151 - __main__ - INFO - Subscribed to application/+/device/+/event/up
2025-07-15 16:10:25,372 - __main__ - INFO - MQTT Nachricht erhalten: application/25fd7890-9fa0-4b65-91c8-2d4159673db0/device/78563412efbeadde/event/up
2025-07-15 16:10:25,386 - __main__ - INFO - 24 Bytes erfolgreich an UART gesendet
2025-07-15 16:10:32,877 - __main__ - INFO - Received signal 15, shutting down gracefully...
2025-07-15 16:10:33,394 - __main__ - INFO - Cleanup wird ausgeführt...
2025-07-15 16:10:33,396 - __main__ - INFO - Statistiken - Uptime: 00:00:10, Empfangen: 1, Gesendet: 1, Fehler: 0
2025-07-15 16:10:33,397 - __main__ - INFO - Bridge gestoppt
2025-07-15 16:10:49,497 - __main__ - INFO - UART initialisiert auf /dev/ttyAMA0 mit 115200 baud
2025-07-15 16:10:49,498 - __main__ - INFO - ChirpStack MQTT to UART Bridge gestartet...
2025-07-15 16:10:49,504 - __main__ - INFO - Verbunden mit MQTT-Broker localhost:1883
2025-07-15 16:10:49,504 - __main__ - INFO - Subscribed to application/+/device/+/event/up
2025-07-15 16:10:59,906 - __main__ - INFO - MQTT Nachricht erhalten: application/25fd7890-9fa0-4b65-91c8-2d4159673db0/device/78563412efbeadde/event/up
2025-07-15 16:10:59,908 - __main__ - DEBUG - Base64 dekodiert (48 Bytes): 353433453333454634313332333337423431343437423931454442433530373745343745343435333936393942393431
2025-07-15 16:10:59,908 - __main__ - DEBUG - ASCII-Hex String erkannt: 543E33EF4132337B41447B91EDBC5077E47E44539699B941
2025-07-15 16:10:59,909 - __main__ - DEBUG - Final Payload (24 Bytes): 543e33ef4132337b41447b91edbc5077e47e44539699b941
2025-07-15 16:10:59,918 - __main__ - INFO - 24 Bytes erfolgreich an UART gesendet
2025-07-15 16:11:11,424 - __main__ - INFO - MQTT Nachricht erhalten: application/25fd7890-9fa0-4b65-91c8-2d4159673db0/device/78563412efbeadde/event/up
2025-07-15 16:11:11,426 - __main__ - DEBUG - Base64 dekodiert (48 Bytes): 353433453333453734314343434338343431343443394633464442433530414145373745343435333936393942393431
2025-07-15 16:11:11,426 - __main__ - DEBUG - ASCII-Hex String erkannt: 543E33E741CCCC844144C9F3FDBC50AAE77E44539699B941
2025-07-15 16:11:11,427 - __main__ - DEBUG - Final Payload (24 Bytes): 543e33e741cccc844144c9f3fdbc50aae77e44539699b941
2025-07-15 16:11:11,442 - __main__ - INFO - 24 Bytes erfolgreich an UART gesendet
2025-07-15 16:11:22,942 - __main__ - INFO - MQTT Nachricht erhalten: application/25fd7890-9fa0-4b65-91c8-2d4159673db0/device/78563412efbeadde/event/up
2025-07-15 16:11:22,943 - __main__ - DEBUG - Base64 dekodiert (48 Bytes): 353441343939454434313332333338423431343443394633464442433530464343463745343435334339434342383431
2025-07-15 16:11:22,944 - __main__ - DEBUG - ASCII-Hex String erkannt: 54A499ED4132338B4144C9F3FDBC50FCCF7E4453C9CCB841
2025-07-15 16:11:22,944 - __main__ - DEBUG - Final Payload (24 Bytes): 54a499ed4132338b4144c9f3fdbc50fccf7e4453c9ccb841
2025-07-15 16:11:22,950 - __main__ - INFO - 24 Bytes erfolgreich an UART gesendet
2025-07-15 16:11:34,453 - __main__ - INFO - MQTT Nachricht erhalten: application/25fd7890-9fa0-4b65-91c8-2d4159673db0/device/78563412efbeadde/event/up
2025-07-15 16:11:34,454 - __main__ - DEBUG - Base64 dekodiert (48 Bytes): 353441343939454434313635363638413431343430364645443442433530323543433745343435334339434342383431
2025-07-15 16:11:34,456 - __main__ - DEBUG - ASCII-Hex String erkannt: 54A499ED4165668A414406FED4BC5025CC7E4453C9CCB841
2025-07-15 16:11:34,457 - __main__ - DEBUG - Final Payload (24 Bytes): 54a499ed4165668a414406fed4bc5025cc7e4453c9ccb841
2025-07-15 16:11:34,466 - __main__ - INFO - 24 Bytes erfolgreich an UART gesendet
2025-07-15 16:11:45,962 - __main__ - INFO - MQTT Nachricht erhalten: application/25fd7890-9fa0-4b65-91c8-2d4159673db0/device/78563412efbeadde/event/up
2025-07-15 16:11:45,963 - __main__ - DEBUG - Base64 dekodiert (48 Bytes): 353430413030454334313635363638363431343441324332463542433530353844463745343435334643464642373431
2025-07-15 16:11:45,963 - __main__ - DEBUG - ASCII-Hex String erkannt: 540A00EC416566864144A2C2F5BC5058DF7E4453FCFFB741
2025-07-15 16:11:45,964 - __main__ - DEBUG - Final Payload (24 Bytes): 540a00ec416566864144a2c2f5bc5058df7e4453fcffb741
2025-07-15 16:11:45,974 - __main__ - INFO - 24 Bytes erfolgreich an UART gesendet
2025-07-15 16:11:57,471 - __main__ - INFO - MQTT Nachricht erhalten: application/25fd7890-9fa0-4b65-91c8-2d4159673db0/device/78563412efbeadde/event/up
2025-07-15 16:11:57,471 - __main__ - DEBUG - Base64 dekodiert (48 Bytes): 353430413030453434314342434338303431343430423242303742443530324646333745343435333632363642363431
2025-07-15 16:11:57,472 - __main__ - DEBUG - ASCII-Hex String erkannt: 540A00E441CBCC8041440B2B07BD502FF37E44536266B641
2025-07-15 16:11:57,472 - __main__ - DEBUG - Final Payload (24 Bytes): 540a00e441cbcc8041440b2b07bd502ff37e44536266b641
2025-07-15 16:11:57,477 - __main__ - INFO - 24 Bytes erfolgreich an UART gesendet
2025-07-15 16:12:08,975 - __main__ - INFO - MQTT Nachricht erhalten: application/25fd7890-9fa0-4b65-91c8-2d4159673db0/device/78563412efbeadde/event/up
2025-07-15 16:12:08,975 - __main__ - DEBUG - Base64 dekodiert (48 Bytes): 353441343939444434314342434338303431343437383132303342443530384246323745343435334643464642373431
2025-07-15 16:12:08,976 - __main__ - DEBUG - ASCII-Hex String erkannt: 54A499DD41CBCC804144781203BD508BF27E4453FCFFB741
2025-07-15 16:12:08,976 - __main__ - DEBUG - Final Payload (24 Bytes): 54a499dd41cbcc804144781203bd508bf27e4453fcffb741
2025-07-15 16:12:08,982 - __main__ - INFO - 24 Bytes erfolgreich an UART gesendet
2025-07-15 16:12:20,494 - __main__ - INFO - MQTT Nachricht erhalten: application/25fd7890-9fa0-4b65-91c8-2d4159673db0/device/78563412efbeadde/event/up
2025-07-15 16:12:20,495 - __main__ - DEBUG - Base64 dekodiert (48 Bytes): 353430413030453034314645464638333431343435343630453542433530333944413745343435333632363642363431
2025-07-15 16:12:20,495 - __main__ - DEBUG - ASCII-Hex String erkannt: 540A00E041FEFF8341445460E5BC5039DA7E44536266B641
2025-07-15 16:12:20,496 - __main__ - DEBUG - Final Payload (24 Bytes): 540a00e041feff8341445460e5bc5039da7e44536266b641
2025-07-15 16:12:20,502 - __main__ - INFO - 24 Bytes erfolgreich an UART gesendet
2025-07-15 16:12:31,997 - __main__ - INFO - MQTT Nachricht erhalten: application/25fd7890-9fa0-4b65-91c8-2d4159673db0/device/78563412efbeadde/event/up
2025-07-15 16:12:31,997 - __main__ - DEBUG - Base64 dekodiert (48 Bytes): 353430413030453834314342434338303431343437423931454442433530423445453745343435333935393942353431
2025-07-15 16:12:31,998 - __main__ - DEBUG - ASCII-Hex String erkannt: 540A00E841CBCC8041447B91EDBC50B4EE7E44539599B541
2025-07-15 16:12:31,998 - __main__ - DEBUG - Final Payload (24 Bytes): 540a00e841cbcc8041447b91edbc50b4ee7e44539599b541
2025-07-15 16:12:32,005 - __main__ - INFO - 24 Bytes erfolgreich an UART gesendet
